app/build/outputs/logs/manifest-merger-release-report.txt
-- Merging decision tree log ---
manifest
ADDED from src/main/AndroidManifest.xml:2:1-48:12
	package
		ADDED from src/main/AndroidManifest.xml:3:7-28
		INJECTED from src/main/AndroidManifest.xml
		INJECTED from src/main/AndroidManifest.xml
	android:versionName
		ADDED from src/main/AndroidManifest.xml:5:7-34
		INJECTED from src/main/AndroidManifest.xml
		INJECTED from src/main/AndroidManifest.xml
	android:versionCode
		ADDED from src/main/AndroidManifest.xml:4:7-30
		INJECTED from src/main/AndroidManifest.xml
		INJECTED from src/main/AndroidManifest.xml
	xmlns:android
		ADDED from src/main/AndroidManifest.xml:2:11-69
uses-sdk
ADDED from src/main/AndroidManifest.xml:6:5-74
	android:targetSdkVersion
		ADDED from src/main/AndroidManifest.xml:6:43-72
		INJECTED from src/main/AndroidManifest.xml
		INJECTED from src/main/AndroidManifest.xml
	android:minSdkVersion
		ADDED from src/main/AndroidManifest.xml:6:15-41
		INJECTED from src/main/AndroidManifest.xml
		INJECTED from src/main/AndroidManifest.xml
uses-permission#android.permission.WRITE_EXTERNAL_STORAGE
ADDED from src/main/AndroidManifest.xml:7:5-81
	android:name
		ADDED from src/main/AndroidManifest.xml:7:22-78
uses-permission#android.permission.INTERNET
ADDED from src/main/AndroidManifest.xml:8:5-67
	android:name
		ADDED from src/main/AndroidManifest.xml:8:22-64
uses-permission#com.android.vending.CHECK_LICENSE
ADDED from src/main/AndroidManifest.xml:9:5-73
	android:name
		ADDED from src/main/AndroidManifest.xml:9:22-70
supports-screens
ADDED from src/main/AndroidManifest.xml:11:5-16:8
	android:largeScreens
		ADDED from src/main/AndroidManifest.xml:14:19-46
	android:smallScreens
		ADDED from src/main/AndroidManifest.xml:12:19-46
	android:normalScreens
		ADDED from src/main/AndroidManifest.xml:13:19-47
	android:resizeable
		ADDED from src/main/AndroidManifest.xml:11:23-48
	android:anyDensity
		ADDED from src/main/AndroidManifest.xml:15:19-44
application
ADDED from src/main/AndroidManifest.xml:18:5-47:19
	android:label
		ADDED from src/main/AndroidManifest.xml:18:48-80
	android:icon
		ADDED from src/main/AndroidManifest.xml:18:18-47
activity#aed.hivrisk.entrez
ADDED from src/main/AndroidManifest.xml:19:9-27:20
	android:label
		ADDED from src/main/AndroidManifest.xml:20:19-51
	android:configChanges
		ADDED from src/main/AndroidManifest.xml:21:19-49
	android:theme
		ADDED from src/main/AndroidManifest.xml:22:19-77
	android:name
		ADDED from src/main/AndroidManifest.xml:19:19-52
intent-filter#android.intent.action.MAIN+android.intent.category.LAUNCHER
ADDED from src/main/AndroidManifest.xml:23:13-26:29
action#android.intent.action.MAIN
ADDED from src/main/AndroidManifest.xml:24:17-69
	android:name
		ADDED from src/main/AndroidManifest.xml:24:25-66
category#android.intent.category.LAUNCHER
ADDED from src/main/AndroidManifest.xml:25:17-77
	android:name
		ADDED from src/main/AndroidManifest.xml:25:27-74
activity#aed.hivrisk.Disclaimer
ADDED from src/main/AndroidManifest.xml:29:9-33:20
	android:label
		ADDED from src/main/AndroidManifest.xml:30:19-51
	android:configChanges
		ADDED from src/main/AndroidManifest.xml:32:19-49
	android:theme
		ADDED from src/main/AndroidManifest.xml:31:19-77
	android:name
		ADDED from src/main/AndroidManifest.xml:29:19-56
activity#aed.hivrisk.Wizard
ADDED from src/main/AndroidManifest.xml:35:9-39:20
	android:label
		ADDED from src/main/AndroidManifest.xml:36:19-51
	android:configChanges
		ADDED from src/main/AndroidManifest.xml:38:19-49
	android:theme
		ADDED from src/main/AndroidManifest.xml:37:19-77
	android:name
		ADDED from src/main/AndroidManifest.xml:35:19-52
activity#aed.hivrisk.WebContent
ADDED from src/main/AndroidManifest.xml:41:9-45:20
	android:label
		ADDED from src/main/AndroidManifest.xml:42:19-51
	android:configChanges
		ADDED from src/main/AndroidManifest.xml:44:19-49
	android:theme
		ADDED from src/main/AndroidManifest.xml:43:19-77
	android:name
		ADDED from src/main/AndroidManifest.xml:41:19-56